<?xml version="1.0" encoding="UTF-8"?>
<!-- Generated by org.testng.reporters.JUnitReportReporter -->
<testsuite skipped="0" hostname="DESKTOP-N308L1J" name="test.AddContactTest" tests="1" failures="0" timestamp="21 May 2022 18:30:28 GMT" time="20.311" errors="0">
  <testcase name="validUserShouldBeAbleToAddCustomer" time="20.311" classname="test.AddContactTest"/>
</testsuite> <!-- test.AddContactTest -->
